2020-05-17 01:26:06,951 - root - INFO - Loading config from: /Users/axel.eriksson/symphony-bots/fx-bot/resources/config.json
2020-05-17 01:26:06,951 - root - INFO - {
    "sessionAuthHost": "https://st2.symphony.com:443",
    "sessionAuthPort": 443,
    "keyAuthHost": "https://st2.symphony.com:443",
    "keyAuthPort": 443,
    "podHost": "https://st2.symphony.com:443",
    "podPort": 443,
    "agentHost": "https://st2.symphony.com:443",
    "agentPort": 443,
    "authType": "rsa",
    "botCertPath": "",
    "botCertName": "",
    "botCertPassword": "",
    "botPrivateKeyPath": "../rsa/",
    "botPrivateKeyName": "rsa-private-axelbot.pem",
    "botUsername": "axelbot",
    "botEmailAddress": "axelbot@email.com",
    "appCertPath": "",
    "appCertName": "",
    "appCertPassword": "",
    "proxyURL": "",
    "proxyUsername": "",
    "proxyPassword": "",
    "authTokenRefreshPeriod": "30",
    "truststorePath": "",
    "botRSAPath": "../rsa/rsa-private-axelbot.pem",
    "p.12": "",
    "podProxyURL": "",
    "podProxyUsername": "",
    "podProxyPassword": "",
    "agentProxyURL": "",
    "agentProxyUsername": "",
    "agentProxyPassword": "",
    "keyManagerProxyURL": "",
    "keyManagerProxyUsername": "",
    "keyManagerProxyPassword": "",
    "podProxyRequestObject": {},
    "agentProxyRequestObject": {},
    "keyManagerProxyRequestObject": {}
}
2020-05-17 01:26:06,951 - root - DEBUG - RSA Auth/authenticate()
2020-05-17 01:26:06,952 - root - DEBUG - RSA Auth/authenticate() --> needed to authenticate
2020-05-17 01:26:06,952 - root - DEBUG - RSA_auth/get_session_token() function started
2020-05-17 01:26:06,952 - root - DEBUG - RSA_auth/getJWT() function started
2020-05-17 01:26:07,806 - root - DEBUG - RSA/session token success
2020-05-17 01:26:07,806 - root - DEBUG - RSA_auth/get_keyauth()
2020-05-17 01:26:07,806 - root - DEBUG - RSA_auth/getJWT() function started
2020-05-17 01:26:15,657 - root - DEBUG - RSA/key manager token success
2020-05-17 01:26:15,657 - asyncio - DEBUG - Using selector: KqueueSelector
2020-05-17 01:26:15,658 - sym_api_client_python.datafeed_event_service - INFO - AsyncDataFeedEventService/start_datafeed()
2020-05-17 01:26:15,658 - root - DEBUG - bot_client/get_agent_session() - creating agent session
2020-05-17 01:26:16,338 - root - DEBUG - api_client/handle_error() function started
